Traceback (most recent call last):
  File "/home/anetey/miniconda3/envs/jupyterbook/lib/python3.11/site-packages/jupyter_cache/executors/utils.py", line 58, in single_nb_execution
    executenb(
  File "/home/anetey/miniconda3/envs/jupyterbook/lib/python3.11/site-packages/nbclient/client.py", line 1305, in execute
    return NotebookClient(nb=nb, resources=resources, km=km, **kwargs).execute()
           ^^^^^^^^^^^^^^^^^^^^^^^^^^^^^^^^^^^^^^^^^^^^^^^^^^^^^^^^^^^^^^^^^^^^^
  File "/home/anetey/miniconda3/envs/jupyterbook/lib/python3.11/site-packages/jupyter_core/utils/__init__.py", line 166, in wrapped
    return loop.run_until_complete(inner)
           ^^^^^^^^^^^^^^^^^^^^^^^^^^^^^^
  File "/home/anetey/miniconda3/envs/jupyterbook/lib/python3.11/asyncio/base_events.py", line 653, in run_until_complete
    return future.result()
           ^^^^^^^^^^^^^^^
  File "/home/anetey/miniconda3/envs/jupyterbook/lib/python3.11/site-packages/nbclient/client.py", line 705, in async_execute
    await self.async_execute_cell(
  File "/home/anetey/miniconda3/envs/jupyterbook/lib/python3.11/site-packages/nbclient/client.py", line 1058, in async_execute_cell
    await self._check_raise_for_error(cell, cell_index, exec_reply)
  File "/home/anetey/miniconda3/envs/jupyterbook/lib/python3.11/site-packages/nbclient/client.py", line 914, in _check_raise_for_error
    raise CellExecutionError.from_cell_and_msg(cell, exec_reply_content)
nbclient.exceptions.CellExecutionError: An error occurred while executing the following cell:
------------------
df_animate = df_all_countries

df_animate = df_animate[df_animate['Country Code'].isin(country_codes)]

df_animate = df_animate[['Year',
                         'Country Name',
                         'Region',
                         'Individuals using the Internet (% of population)',
                         'GNI per capita, PPP (current international $)']]

start_year = 1990
end_year = 2020
df_animate = df_animate[(df_animate['Year'] >= start_year) & (df_animate['Year'] <= end_year)]

df_animate = df_animate.dropna(axis=0)

region_colors = ['rgba(67,111,154,255)',
                 'rgba(223,162,163,255)',
                 'rgba(215,51,52,255)',
                 'rgba(170,186,200,255)',
                 'rgba(0,0,0,255)',
                 'rgba(66,111,66,255)',
                 'rgba(245,249,250,255)' 
                 ] 

fig = px.scatter(df_animate, x='Individuals using the Internet (% of population)', 
                 y='GNI per capita, PPP (current international $)',
                 animation_frame="Year",
                 animation_group="Country Name",
                 color="Region",
                 color_discrete_sequence=region_colors, 
                 title="Internet Access vs GNI per Country",
                 hover_name="Country Name",
                 range_y=[df_animate['GNI per capita, PPP (current international $)'].min(),df_animate['GNI per capita, PPP (current international $)'].max()]) 

fig.update_xaxes(range=[0, 100])
fig.update_yaxes(title='GNI per capita, PPP $')
fig.update_traces(
    marker=dict(
        size=10, 
        opacity=1,
        line=dict(width=1, color='black')))

sliders=dict(
    currentvalue=dict(
        {"prefix": "Currently Showing Year: "},
        font=dict(size=12))
),


fig.update_layout(
    autosize=True,
    sliders=sliders,
    plot_bgcolor='rgba(242, 242, 242, 255)',
    updatemenus=[
        dict(
            type="buttons",
            showactive=False,
            buttons=[
                dict(
                    label="Play",
                    method="animate",
                    args=[None, {"frame": {"duration": 500, "redraw": True}}],
                ),
                dict(
                    label="Pause",
                    method="animate",
                    args=[[None], {"frame": {"duration": 0, "redraw": False}, "mode": "immediate"}],
                ),
            ],
        )
    ]
)
fig.show()

------------------


[0;31m---------------------------------------------------------------------------[0m
[0;31mNameError[0m                                 Traceback (most recent call last)
Cell [0;32mIn[4], line 3[0m
[1;32m      1[0m df_animate [38;5;241m=[39m df_all_countries
[0;32m----> 3[0m df_animate [38;5;241m=[39m df_animate[df_animate[[38;5;124m'[39m[38;5;124mCountry Code[39m[38;5;124m'[39m][38;5;241m.[39misin([43mcountry_codes[49m)]
[1;32m      5[0m df_animate [38;5;241m=[39m df_animate[[[38;5;124m'[39m[38;5;124mYear[39m[38;5;124m'[39m,
[1;32m      6[0m                          [38;5;124m'[39m[38;5;124mCountry Name[39m[38;5;124m'[39m,
[1;32m      7[0m                          [38;5;124m'[39m[38;5;124mRegion[39m[38;5;124m'[39m,
[1;32m      8[0m                          [38;5;124m'[39m[38;5;124mIndividuals using the Internet ([39m[38;5;132;01m% o[39;00m[38;5;124mf population)[39m[38;5;124m'[39m,
[1;32m      9[0m                          [38;5;124m'[39m[38;5;124mGNI per capita, PPP (current international $)[39m[38;5;124m'[39m]]
[1;32m     11[0m start_year [38;5;241m=[39m [38;5;241m1990[39m

[0;31mNameError[0m: name 'country_codes' is not defined

